<?xml version="1.0" encoding="UTF-8"?>
<!-- Generated by org.testng.reporters.JUnitReportReporter -->
<testsuite hostname="DESKTOP-AJ018UH" failures="0" tests="1" name="test.TestOpenRightPage" time="27.889" errors="0" timestamp="2020-06-30T15:21:44 MSK" skipped="0">
  <testcase classname="test.TestOpenRightPage" name="getToCloudGoogle" time="27.889"/>
  <system-out/>
</testsuite> <!-- test.TestOpenRightPage -->
