<?xml version="1.0" encoding="UTF-8"?>
<!-- Generated by org.testng.reporters.JUnitReportReporter -->
<testsuite hostname="DESKTOP-AJ018UH" failures="0" tests="1" name="test.PriceComparisonTest" time="37.310" errors="0" timestamp="2020-06-22T21:24:26 MSK" skipped="0">
  <testcase classname="test.PriceComparisonTest" name="openPage" time="37.310"/>
  <system-out/>
</testsuite> <!-- test.PriceComparisonTest -->
